<?xml version="1.0" encoding="UTF-8"?>
<testsuite name="org.jsoup.integration.ConnectTest" time="1.053" tests="23" errors="0" skipped="5" failures="0">
  <properties>
[...]
</properties>
  <testcase name="multipleParsesOkAfterBufferUp" classname="org.jsoup.integration.ConnectTest" time="0.116"/>
  <testcase name="multiCookieSet" classname="org.jsoup.integration.ConnectTest" time="0.645"/>
  <testcase name="canInterruptBodyStringRead" classname="org.jsoup.integration.ConnectTest" time="0">
    <skipped/>
  </testcase>
  <testcase name="bodyAndBytesAvailableBeforeParse" classname="org.jsoup.integration.ConnectTest" time="0.012"/>
  <testcase name="parseParseThrowsValidates" classname="org.jsoup.integration.ConnectTest" time="0.008"/>
  <testcase name="totalTimeout" classname="org.jsoup.integration.ConnectTest" time="0">
    <skipped/>
  </testcase>
  <testcase name="fetchURIWithWihtespace" classname="org.jsoup.integration.ConnectTest" time="0.012"/>
  <testcase name="infiniteReadSupported" classname="org.jsoup.integration.ConnectTest" time="0">
    <skipped/>
  </testcase>
  <testcase name="sendsRequestBodyWithUrlParams" classname="org.jsoup.integration.ConnectTest" time="0.016"/>
  <testcase name="fetchURl" classname="org.jsoup.integration.ConnectTest" time="0.008"/>
  <testcase name="sendsRequestBody" classname="org.jsoup.integration.ConnectTest" time="0.024"/>
  <testcase name="bodyAfterParseThrowsValidationError" classname="org.jsoup.integration.ConnectTest" time="0.009"/>
  <testcase name="doesPost" classname="org.jsoup.integration.ConnectTest" time="0.001"/>
  <testcase name="supportsDeflate" classname="org.jsoup.integration.ConnectTest" time="0.004"/>
  <testcase name="canInterruptDocumentRead" classname="org.jsoup.integration.ConnectTest" time="0">
    <skipped/>
    <system-out><![CDATA[[DEBUG] filled 0 SelectChannelEndPoint@804c46c{/127.0.0.1:56650<->32773,Open,in,out,-,-,0/30000,HttpConnection}{io=0,kio=0,kro=1}
]]></system-out>
  </testcase>
  <testcase name="sendsRequestBodyJsonWithoutData" classname="org.jsoup.integration.ConnectTest" time="0.158"/>
  <testcase name="sendsRequestBodyJsonWithData" classname="org.jsoup.integration.ConnectTest" time="0.005"/>
  <testcase name="canConnectToLocalServer" classname="org.jsoup.integration.ConnectTest" time="0.016"/>
  <testcase name="doesGet" classname="org.jsoup.integration.ConnectTest" time="0.001"/>
  <testcase name="doesPut" classname="org.jsoup.integration.ConnectTest" time="0.018"/>
  <testcase name="exceptOnUnsupportedProtocol" classname="org.jsoup.integration.ConnectTest" time="0"/>
  <testcase name="postFiles" classname="org.jsoup.integration.ConnectTest" time="0"/>
  <testcase name="slowReadOk" classname="org.jsoup.integration.ConnectTest" time="0">
    <skipped/>
  </testcase>
</testsuite>